<?xml version="1.0" encoding="UTF-8"?>
<testsuite name="com.quantitymeasurement.test.QuantityMeasurementTest" tests="1" skipped="0" failures="0" errors="0" timestamp="2020-05-21T16:12:34" hostname="LAPTOP-OT35PSQH" time="0.007">
  <properties/>
  <testcase name="givenZeroFeetAndZeroFeet_WhenEqual_ShouldReturnTrue" classname="com.quantitymeasurement.test.QuantityMeasurementTest" time="0.007"/>
  <system-out><![CDATA[]]></system-out>
  <system-err><![CDATA[]]></system-err>
</testsuite>
