<?xml version="1.0" encoding="UTF-8"?>
<testsuite name="com.quantitymeasurement.test.QuantityMeasurementTest" tests="24" skipped="0" failures="0" errors="0" timestamp="2020-05-21T18:49:58" hostname="LAPTOP-OT35PSQH" time="0.035">
  <properties/>
  <testcase name="givenTwoDifferentFeetValue_WhenNotEqual_ShouldReturnFalse" classname="com.quantitymeasurement.test.QuantityMeasurementTest" time="0.007"/>
  <testcase name="givenOneYardAndThreeFeet_WhenEqual_ShouldReturnTrue" classname="com.quantitymeasurement.test.QuantityMeasurementTest" time="0.001"/>
  <testcase name="givenOneInchAndOneYard_WhenNotEqual_ShouldReturnFalse" classname="com.quantitymeasurement.test.QuantityMeasurementTest" time="0.0"/>
  <testcase name="givenOneFeetAndTwelveInch_WhenEqual_ShouldReturnTrue" classname="com.quantitymeasurement.test.QuantityMeasurementTest" time="0.001"/>
  <testcase name="givenOneYardAndThirtySixInch_WhenEqual_ShouldReturnTrue" classname="com.quantitymeasurement.test.QuantityMeasurementTest" time="0.001"/>
  <testcase name="givenZeroFeetAndZeroInch_WhenEqual_ShouldReturnTrue" classname="com.quantitymeasurement.test.QuantityMeasurementTest" time="0.001"/>
  <testcase name="givenFeetValue_WhenNull_ShouldReturnFalse" classname="com.quantitymeasurement.test.QuantityMeasurementTest" time="0.001"/>
  <testcase name="givenTwelveInchAndOneFeet_WhenEqual_ShouldReturnTrue" classname="com.quantitymeasurement.test.QuantityMeasurementTest" time="0.001"/>
  <testcase name="givenTwoDifferentInchValue_WhenNotEqual_ShouldReturnFalse" classname="com.quantitymeasurement.test.QuantityMeasurementTest" time="0.0"/>
  <testcase name="givenTwoInchValue_WhenNotEqual_ShouldReturnFalse" classname="com.quantitymeasurement.test.QuantityMeasurementTest" time="0.0"/>
  <testcase name="givenZeroFeetAndAnotherFeet_WhenNotEqual_ShouldReturnFalse" classname="com.quantitymeasurement.test.QuantityMeasurementTest" time="0.0"/>
  <testcase name="givenTwoFeetValue_WhenEqual_ShouldReturnTrue" classname="com.quantitymeasurement.test.QuantityMeasurementTest" time="0.0"/>
  <testcase name="givenTwoSameInchValue_WhenEqual_ShouldReturnTrue" classname="com.quantitymeasurement.test.QuantityMeasurementTest" time="0.0"/>
  <testcase name="givenReferenceObjectForFeet_WhenNotEqual_ShouldReturnFalse" classname="com.quantitymeasurement.test.QuantityMeasurementTest" time="0.0"/>
  <testcase name="givenZeroFeetAndZeroFeet_WhenEqual_ShouldReturnTrue" classname="com.quantitymeasurement.test.QuantityMeasurementTest" time="0.0"/>
  <testcase name="givenReferenceObjectForFeet_WhenEqual_ShouldReturnTrue" classname="com.quantitymeasurement.test.QuantityMeasurementTest" time="0.002"/>
  <testcase name="givenThirtySixInchAndOneYard_WhenEqual_ShouldReturnTrue" classname="com.quantitymeasurement.test.QuantityMeasurementTest" time="0.001"/>
  <testcase name="givenZeroInchAndZeroInchValue_WhenEqual_ShouldReturnTrue" classname="com.quantitymeasurement.test.QuantityMeasurementTest" time="0.001"/>
  <testcase name="givenOneInchAndOneFeet_WhenNotEqual_ShouldReturnFalse" classname="com.quantitymeasurement.test.QuantityMeasurementTest" time="0.001"/>
  <testcase name="givenOneFeetOneInch_WhenNotEqual_ShouldReturnFalse" classname="com.quantitymeasurement.test.QuantityMeasurementTest" time="0.0"/>
  <testcase name="givenOneFeetAndOneYard_WhenNotEqual_ShouldReturnFalse" classname="com.quantitymeasurement.test.QuantityMeasurementTest" time="0.0"/>
  <testcase name="givenTwoDifferentType_WhenNotEqual_ShouldReturnFalse" classname="com.quantitymeasurement.test.QuantityMeasurementTest" time="0.0"/>
  <testcase name="givenThreeFeetAndOneYard_WhenEqual_ShouldReturnTrue" classname="com.quantitymeasurement.test.QuantityMeasurementTest" time="0.0"/>
  <testcase name="givenTwoInchAndFiveCm_WhenEqual_ShouldReturnTrue" classname="com.quantitymeasurement.test.QuantityMeasurementTest" time="0.001"/>
  <system-out><![CDATA[]]></system-out>
  <system-err><![CDATA[]]></system-err>
</testsuite>
